<?xml version="1.0" encoding="UTF-8"?>
<!-- Generated by org.testng.reporters.JUnitReportReporter -->
<testsuite hostname="QSP" failures="0" tests="1" name="scripts.Testcase1" time="15.159" errors="0" timestamp="2021-12-11T09:45:35 IST" skipped="0">
  <testcase classname="scripts.Testcase1" name="tc1" time="15.159"/>
</testsuite> <!-- scripts.Testcase1 -->
