<?xml version="1.0" encoding="UTF-8"?>
<!-- Generated by org.testng.reporters.JUnitReportReporter -->
<testsuite hostname="QSP" failures="0" tests="1" name="scripts.Testcase2" time="53.608" errors="0" timestamp="2021-12-11T09:45:35 IST" skipped="0">
  <testcase classname="scripts.Testcase2" name="tc2" time="53.608"/>
</testsuite> <!-- scripts.Testcase2 -->
